c:\users\des_lsy\documents\visual studio 2017\projects\labprojects\labproject02\release\labproject02.pch
c:\users\des_lsy\documents\visual studio 2017\projects\labprojects\labproject02\release\vc141.pdb
c:\users\des_lsy\documents\visual studio 2017\projects\labprojects\labproject02\release\stdafx.obj
c:\users\des_lsy\documents\visual studio 2017\projects\labprojects\labproject02\release\labproject02.obj
c:\users\des_lsy\documents\visual studio 2017\projects\labprojects\labproject02\release\gameframework.obj
c:\users\des_lsy\documents\visual studio 2017\projects\labprojects\release\labproject02.ipdb
c:\users\des_lsy\documents\visual studio 2017\projects\labprojects\release\labproject02.iobj
c:\users\des_lsy\documents\visual studio 2017\projects\labprojects\release\labproject02.exe
c:\users\des_lsy\documents\visual studio 2017\projects\labprojects\release\labproject02.pdb
c:\users\des_lsy\documents\visual studio 2017\projects\labprojects\labproject02\release\labproject02.res
c:\users\des_lsy\documents\visual studio 2017\projects\labprojects\labproject02\release\labproject02.tlog\cl.command.1.tlog
c:\users\des_lsy\documents\visual studio 2017\projects\labprojects\labproject02\release\labproject02.tlog\cl.read.1.tlog
c:\users\des_lsy\documents\visual studio 2017\projects\labprojects\labproject02\release\labproject02.tlog\cl.write.1.tlog
c:\users\des_lsy\documents\visual studio 2017\projects\labprojects\labproject02\release\labproject02.tlog\labproject02.write.1u.tlog
c:\users\des_lsy\documents\visual studio 2017\projects\labprojects\labproject02\release\labproject02.tlog\link.command.1.tlog
c:\users\des_lsy\documents\visual studio 2017\projects\labprojects\labproject02\release\labproject02.tlog\link.read.1.tlog
c:\users\des_lsy\documents\visual studio 2017\projects\labprojects\labproject02\release\labproject02.tlog\link.write.1.tlog
c:\users\des_lsy\documents\visual studio 2017\projects\labprojects\labproject02\release\labproject02.tlog\rc.command.1.tlog
c:\users\des_lsy\documents\visual studio 2017\projects\labprojects\labproject02\release\labproject02.tlog\rc.read.1.tlog
c:\users\des_lsy\documents\visual studio 2017\projects\labprojects\labproject02\release\labproject02.tlog\rc.write.1.tlog
